<?xml version="1.0" encoding="UTF-8"?>
<!-- Generated by org.testng.reporters.JUnitReportReporter -->
<testsuite skipped="0" hostname="LAPTOP-C2ET6F4G" name="TestCases.Check_UserRole" tests="1" failures="0" timestamp="4 Apr 2019 01:18:05 GMT" time="1.162" errors="0">
  <testcase name="verifyUserPage" time="1.162" classname="TestCases.Check_UserRole"/>
</testsuite> <!-- TestCases.Check_UserRole -->
