<?xml version="1.0" encoding="UTF-8"?>
<!-- Generated by org.testng.reporters.JUnitReportReporter -->
<testsuite skipped="0" hostname="LAPTOP-C2ET6F4G" name="TestCases.Pending_leaveRequest" tests="1" failures="0" timestamp="4 Apr 2019 01:18:05 GMT" time="0.707" errors="0">
  <testcase name="PendingLeaveRequest" time="0.707" classname="TestCases.Pending_leaveRequest"/>
</testsuite> <!-- TestCases.Pending_leaveRequest -->
